07/22/2019 19:56:04\tTotal Number of countries = 75
07/22/2019 19:56:04\tTotal Number of cities in IN  = 212
07/22/2019 19:56:05\tTotal Number of Locations in City 9 
07/22/2019 19:59:54\tTotal Number of countries = 75
07/22/2019 19:59:55\tTotal Number of cities in IN  = 212
07/22/2019 19:59:56\tTotal Number of Locations in City 9 
07/22/2019 19:59:56\tTotal Number of LatestMeasurementsOut  in City 54 
07/22/2019 20:07:14\tTotal Number of countries = 75
07/22/2019 20:07:15\tTotal Number of cities in IN  = 212
07/22/2019 20:07:16\tTotal Number of Locations in City 9 
07/22/2019 20:07:16\tTotal Number of LatestMeasurementsOut  in City 54 
07/22/2019 21:40:27\tTotal Number of countries = 75
07/22/2019 21:40:28\tTotal Number of cities in IN  = 212
07/22/2019 21:40:29\tTotal Number of Locations in City 9 
07/22/2019 21:40:31\tTotal Number of LatestMeasurementsOut  in City 54 
07/22/2019 21:40:31   07/22/2019 21:40:30,Police Commissionerate,Jaipur,IN,pm25,100.9,2017-10-24T06:45:00.000Z,µg/m³,CPCB,
07/22/2019 21:40:34   07/22/2019 21:40:30,Police Commissionerate Jaipur- RSPCB,Jaipur,IN,pm25,206,2018-02-22T02:45:00.000Z,µg/m³,CPCB,
07/22/2019 21:40:34   07/22/2019 21:40:31,Shastri Nagar Jaipur- RSPCB,Jaipur,IN,pm25,109.6,2018-02-22T03:00:00.000Z,µg/m³,CPCB,
07/22/2019 22:08:21\tTotal Number of countries = 75
07/22/2019 22:08:21\tTotal Number of cities in IN  = 212
07/22/2019 22:08:22\tTotal Number of Locations in City 9 
07/22/2019 22:08:24\tTotal Number of LatestMeasurementsOut  in City 54 
07/22/2019 22:08:24   07/22/2019 22:08:24,Police Commissionerate,Jaipur,IN,pm25,100.9,2017-10-24T06:45:00.000Z,µg/m³,CPCB,
07/22/2019 22:08:26   07/22/2019 22:08:24,Police Commissionerate Jaipur- RSPCB,Jaipur,IN,pm25,206,2018-02-22T02:45:00.000Z,µg/m³,CPCB,
07/22/2019 22:08:26   07/22/2019 22:08:24,Shastri Nagar Jaipur- RSPCB,Jaipur,IN,pm25,109.6,2018-02-22T03:00:00.000Z,µg/m³,CPCB,